<?xml version="1.0" encoding="UTF-8"?>
<testsuite name="com.stripe.DocumentationTest" tests="4" skipped="0" failures="0" errors="0" timestamp="2017-10-18T17:31:36" hostname="st-mrmcduff1.local" time="0.019">
  <properties/>
  <testcase name="testVersionAgreesWithVERSIONFile" classname="com.stripe.DocumentationTest" time="0.0"/>
  <testcase name="testChangeLogContainsStaticVersion" classname="com.stripe.DocumentationTest" time="0.015"/>
  <testcase name="testReadMeContainsMavenPomThatMatches" classname="com.stripe.DocumentationTest" time="0.002"/>
  <testcase name="testPomContainsVersionThatMatches" classname="com.stripe.DocumentationTest" time="0.001"/>
  <system-out><![CDATA[]]></system-out>
  <system-err><![CDATA[]]></system-err>
</testsuite>
