<?xml version="1.0" encoding="UTF-8"?>
<testsuite name="com.stripe.model.BalanceTest" tests="2" skipped="0" failures="0" errors="0" timestamp="2017-10-18T17:35:39" hostname="st-mrmcduff1.local" time="0.002">
  <properties/>
  <testcase name="testDeserialize" classname="com.stripe.model.BalanceTest" time="0.001"/>
  <testcase name="testRetrieve" classname="com.stripe.model.BalanceTest" time="0.001"/>
  <system-out><![CDATA[]]></system-out>
  <system-err><![CDATA[]]></system-err>
</testsuite>
