<?xml version="1.0" encoding="UTF-8"?>
<testsuite name="com.stripe.model.PayoutTest" tests="5" skipped="0" failures="0" errors="0" timestamp="2017-10-18T17:35:39" hostname="st-mrmcduff1.local" time="0.003">
  <properties/>
  <testcase name="testDeserialize" classname="com.stripe.model.PayoutTest" time="0.001"/>
  <testcase name="testRetrieve" classname="com.stripe.model.PayoutTest" time="0.0"/>
  <testcase name="testCreate" classname="com.stripe.model.PayoutTest" time="0.0"/>
  <testcase name="testList" classname="com.stripe.model.PayoutTest" time="0.001"/>
  <testcase name="testCancel" classname="com.stripe.model.PayoutTest" time="0.001"/>
  <system-out><![CDATA[]]></system-out>
  <system-err><![CDATA[]]></system-err>
</testsuite>
