<?xml version="1.0" encoding="UTF-8"?>
<testsuite name="com.stripe.functional.BalanceTransactionTest" tests="2" skipped="0" failures="0" errors="0" timestamp="2017-10-18T17:31:41" hostname="st-mrmcduff1.local" time="1.303">
  <properties/>
  <testcase name="testBalanceTransactionRetrieval" classname="com.stripe.functional.BalanceTransactionTest" time="1.302"/>
  <testcase name="testAPIBase" classname="com.stripe.functional.BalanceTransactionTest" time="0.0"/>
  <system-out><![CDATA[]]></system-out>
  <system-err><![CDATA[]]></system-err>
</testsuite>
