<?xml version="1.0" encoding="UTF-8"?>
<testsuite name="com.stripe.model.ReviewTest" tests="1" skipped="0" failures="0" errors="0" timestamp="2017-10-18T17:35:39" hostname="st-mrmcduff1.local" time="0.0">
  <properties/>
  <testcase name="testDeserialize" classname="com.stripe.model.ReviewTest" time="0.0"/>
  <system-out><![CDATA[]]></system-out>
  <system-err><![CDATA[]]></system-err>
</testsuite>
