<?xml version="1.0" encoding="UTF-8"?>
<testsuite name="com.stripe.model.SourceTest" tests="7" skipped="0" failures="0" errors="0" timestamp="2017-10-18T17:35:39" hostname="st-mrmcduff1.local" time="0.003">
  <properties/>
  <testcase name="testRetrieve" classname="com.stripe.model.SourceTest" time="0.001"/>
  <testcase name="testCreate" classname="com.stripe.model.SourceTest" time="0.0"/>
  <testcase name="testDelete" classname="com.stripe.model.SourceTest" time="0.0"/>
  <testcase name="testVerify" classname="com.stripe.model.SourceTest" time="0.001"/>
  <testcase name="testUpdate" classname="com.stripe.model.SourceTest" time="0.0"/>
  <testcase name="testDetachAttachedSource" classname="com.stripe.model.SourceTest" time="0.001"/>
  <testcase name="testDetachUnattachedSource" classname="com.stripe.model.SourceTest" time="0.0"/>
  <system-out><![CDATA[]]></system-out>
  <system-err><![CDATA[]]></system-err>
</testsuite>
