<?xml version="1.0" encoding="UTF-8"?>
<testsuite name="com.stripe.functional.TimeoutTest" tests="2" skipped="0" failures="0" errors="0" timestamp="2017-10-18T17:35:20" hostname="st-mrmcduff1.local" time="0.003">
  <properties/>
  <testcase name="testReadTimeoutIsConsidered" classname="com.stripe.functional.TimeoutTest" time="0.003"/>
  <testcase name="testAPIBase" classname="com.stripe.functional.TimeoutTest" time="0.0"/>
  <system-out><![CDATA[]]></system-out>
  <system-err><![CDATA[]]></system-err>
</testsuite>
