<?xml version="1.0" encoding="UTF-8"?>
<testsuite name="com.stripe.model.DeserializerTest" tests="9" skipped="0" failures="0" errors="0" timestamp="2017-10-18T17:35:39" hostname="st-mrmcduff1.local" time="0.01">
  <properties/>
  <testcase name="deserializeDisputeObject" classname="com.stripe.model.DeserializerTest" time="0.001"/>
  <testcase name="deserializeAppFeeRefundList" classname="com.stripe.model.DeserializerTest" time="0.0"/>
  <testcase name="deserializeAppFeeRefundSublist" classname="com.stripe.model.DeserializerTest" time="0.001"/>
  <testcase name="deserializeRefundList" classname="com.stripe.model.DeserializerTest" time="0.001"/>
  <testcase name="deserializeEventDataAccountEvent" classname="com.stripe.model.DeserializerTest" time="0.001"/>
  <testcase name="deserializeRefundSublist" classname="com.stripe.model.DeserializerTest" time="0.001"/>
  <testcase name="deserializeAppFee" classname="com.stripe.model.DeserializerTest" time="0.001"/>
  <testcase name="deserializeEventDataPreviousAttributes" classname="com.stripe.model.DeserializerTest" time="0.002"/>
  <testcase name="deserializeEventPreviousAttributesNull" classname="com.stripe.model.DeserializerTest" time="0.001"/>
  <system-out><![CDATA[]]></system-out>
  <system-err><![CDATA[]]></system-err>
</testsuite>
