<?xml version="1.0" encoding="UTF-8"?>
<testsuite name="com.stripe.BaseStripeFunctionalTest" tests="1" skipped="0" failures="0" errors="0" timestamp="2017-10-18T17:31:36" hostname="st-mrmcduff1.local" time="0.001">
  <properties/>
  <testcase name="testAPIBase" classname="com.stripe.BaseStripeFunctionalTest" time="0.001"/>
  <system-out><![CDATA[]]></system-out>
  <system-err><![CDATA[]]></system-err>
</testsuite>
