<?xml version="1.0" encoding="UTF-8"?>
<testsuite name="com.stripe.model.EventTest" tests="3" skipped="0" failures="0" errors="0" timestamp="2017-10-18T17:35:39" hostname="st-mrmcduff1.local" time="0.002">
  <properties/>
  <testcase name="serializesToJson" classname="com.stripe.model.EventTest" time="0.001"/>
  <testcase name="nestedObjectDeserializesToModel" classname="com.stripe.model.EventTest" time="0.001"/>
  <testcase name="supportsOldRequest" classname="com.stripe.model.EventTest" time="0.0"/>
  <system-out><![CDATA[]]></system-out>
  <system-err><![CDATA[]]></system-err>
</testsuite>
