<?xml version="1.0" encoding="UTF-8"?>
<testsuite name="com.stripe.net.LiveStripeResponseGetterTest" tests="7" skipped="0" failures="0" errors="0" timestamp="2017-10-18T17:35:39" hostname="st-mrmcduff1.local" time="0.001">
  <properties/>
  <testcase name="testCreateQueryWithNestedParams" classname="com.stripe.net.LiveStripeResponseGetterTest" time="0.0"/>
  <testcase name="testCreateQuery" classname="com.stripe.net.LiveStripeResponseGetterTest" time="0.0"/>
  <testcase name="testCreateQueryWithListParams" classname="com.stripe.net.LiveStripeResponseGetterTest" time="0.0"/>
  <testcase name="testCreateQueryWithArrayOfHashes" classname="com.stripe.net.LiveStripeResponseGetterTest" time="0.0"/>
  <testcase name="testCreateQueryWithEmptyList" classname="com.stripe.net.LiveStripeResponseGetterTest" time="0.0"/>
  <testcase name="testIncorrectAdditionalOwners" classname="com.stripe.net.LiveStripeResponseGetterTest" time="0.0"/>
  <testcase name="testCorrectAdditionalOwners" classname="com.stripe.net.LiveStripeResponseGetterTest" time="0.0"/>
  <system-out><![CDATA[]]></system-out>
  <system-err><![CDATA[]]></system-err>
</testsuite>
