<?xml version="1.0" encoding="UTF-8"?>
<testsuite name="com.stripe.functional.CardTest" tests="2" skipped="0" failures="0" errors="0" timestamp="2017-10-18T17:31:42" hostname="st-mrmcduff1.local" time="2.502">
  <properties/>
  <testcase name="testCardMetadata" classname="com.stripe.functional.CardTest" time="2.501"/>
  <testcase name="testAPIBase" classname="com.stripe.functional.CardTest" time="0.0"/>
  <system-out><![CDATA[]]></system-out>
  <system-err><![CDATA[]]></system-err>
</testsuite>
