<?xml version="1.0" encoding="UTF-8"?>
<testsuite name="com.stripe.model.ExternalAccountTest" tests="4" skipped="0" failures="0" errors="0" timestamp="2017-10-18T17:35:39" hostname="st-mrmcduff1.local" time="0.006">
  <properties/>
  <testcase name="testUnknownExternalAccountRetrieval" classname="com.stripe.model.ExternalAccountTest" time="0.002"/>
  <testcase name="testUnknownExternalAccountDeletion" classname="com.stripe.model.ExternalAccountTest" time="0.002"/>
  <testcase name="testVerify" classname="com.stripe.model.ExternalAccountTest" time="0.001"/>
  <testcase name="testManagedAccountHasAvailablePayoutMethods" classname="com.stripe.model.ExternalAccountTest" time="0.001"/>
  <system-out><![CDATA[]]></system-out>
  <system-err><![CDATA[]]></system-err>
</testsuite>
