<?xml version="1.0" encoding="UTF-8"?>
<testsuite name="com.stripe.functional.BalanceTest" tests="2" skipped="0" failures="0" errors="0" timestamp="2017-10-18T17:31:41" hostname="st-mrmcduff1.local" time="0.098">
  <properties/>
  <testcase name="testBalanceRetrieve" classname="com.stripe.functional.BalanceTest" time="0.098"/>
  <testcase name="testAPIBase" classname="com.stripe.functional.BalanceTest" time="0.0"/>
  <system-out><![CDATA[]]></system-out>
  <system-err><![CDATA[]]></system-err>
</testsuite>
