<?xml version="1.0" encoding="UTF-8"?>
<testsuite name="com.stripe.net.OAuthTest" tests="3" skipped="0" failures="0" errors="0" timestamp="2017-10-18T17:35:39" hostname="st-mrmcduff1.local" time="0.004">
  <properties/>
  <testcase name="testAuthorizeURL" classname="com.stripe.net.OAuthTest" time="0.001"/>
  <testcase name="testToken" classname="com.stripe.net.OAuthTest" time="0.002"/>
  <testcase name="testDeauthorize" classname="com.stripe.net.OAuthTest" time="0.001"/>
  <system-out><![CDATA[]]></system-out>
  <system-err><![CDATA[]]></system-err>
</testsuite>
