<?xml version="1.0" encoding="UTF-8"?>
<testsuite name="com.stripe.model.AccountTest" tests="9" skipped="0" failures="0" errors="0" timestamp="2017-10-18T17:35:39" hostname="st-mrmcduff1.local" time="0.103">
  <properties/>
  <testcase name="testAccountReject" classname="com.stripe.model.AccountTest" time="0.095"/>
  <testcase name="testAccountUpdateById" classname="com.stripe.model.AccountTest" time="0.001"/>
  <testcase name="testAccountCreateExternalAccount" classname="com.stripe.model.AccountTest" time="0.001"/>
  <testcase name="testAccountDelete" classname="com.stripe.model.AccountTest" time="0.002"/>
  <testcase name="testAccountCreateLoginLink" classname="com.stripe.model.AccountTest" time="0.001"/>
  <testcase name="testDeserialize" classname="com.stripe.model.AccountTest" time="0.001"/>
  <testcase name="testRetrieve" classname="com.stripe.model.AccountTest" time="0.0"/>
  <testcase name="testOverloadedSingleArgumentRetrieve" classname="com.stripe.model.AccountTest" time="0.001"/>
  <testcase name="testRetrieveAccountWithId" classname="com.stripe.model.AccountTest" time="0.0"/>
  <system-out><![CDATA[]]></system-out>
  <system-err><![CDATA[]]></system-err>
</testsuite>
